[06/03/2023 12:54:41 AM] [INFO] [test_registry] [test_registry] [test_add] : 

Started TestRegistry test_add at 12:54:41 AM on 06/03/2023
[06/03/2023 12:54:41 AM] [INFO] [test_registry] [test_registry] [test_add] : 
====================================================================================================
[06/03/2023 12:54:41 AM] [INFO] [test_registry] [test_registry] [test_get] : 

Started TestRegistry test_get at 12:54:41 AM on 06/03/2023
[06/03/2023 12:54:41 AM] [INFO] [test_registry] [test_registry] [test_get] : 
====================================================================================================
[06/03/2023 12:54:42 AM] [INFO] [test_registry] [test_registry] [test_get_uids_count] : 

Started TestRegistry test_get_uids_count at 12:54:42 AM on 06/03/2023
[06/03/2023 12:54:42 AM] [INFO] [test_registry] [test_registry] [test_get_uids_count] : 
====================================================================================================
[06/03/2023 12:54:42 AM] [INFO] [test_registry] [test_registry] [test_update] : 

Started TestRegistry test_update at 12:54:42 AM on 06/03/2023
[06/03/2023 12:54:42 AM] [INFO] [test_registry] [test_registry] [test_update] : 
====================================================================================================
[06/03/2023 12:54:42 AM] [INFO] [test_registry] [test_registry] [test_remove] : 

Started TestRegistry test_remove at 12:54:42 AM on 06/03/2023
[06/03/2023 12:54:42 AM] [INFO] [test_registry] [test_registry] [test_remove] : 
====================================================================================================
[06/03/2023 12:55:53 AM] [INFO] [test_registry] [test_registry] [test_add] : 

Started TestRegistry test_add at 12:55:53 AM on 06/03/2023
[06/03/2023 12:55:53 AM] [INFO] [test_registry] [test_registry] [test_add] : 
====================================================================================================
[06/03/2023 12:55:54 AM] [INFO] [test_registry] [test_registry] [test_get] : 

Started TestRegistry test_get at 12:55:54 AM on 06/03/2023
[06/03/2023 12:55:54 AM] [INFO] [test_registry] [test_registry] [test_get] : 
====================================================================================================
[06/03/2023 12:55:54 AM] [INFO] [test_registry] [test_registry] [test_get_uids_count] : 

Started TestRegistry test_get_uids_count at 12:55:54 AM on 06/03/2023
[06/03/2023 12:55:54 AM] [INFO] [test_registry] [test_registry] [test_get_uids_count] : 
====================================================================================================
[06/03/2023 12:55:55 AM] [INFO] [test_registry] [test_registry] [test_update] : 

Started TestRegistry test_update at 12:55:55 AM on 06/03/2023
[06/03/2023 12:55:55 AM] [INFO] [test_registry] [test_registry] [test_update] : 
====================================================================================================
[06/03/2023 12:55:55 AM] [INFO] [test_registry] [test_registry] [test_remove] : 

Started TestRegistry test_remove at 12:55:55 AM on 06/03/2023
[06/03/2023 12:55:55 AM] [INFO] [test_registry] [test_registry] [test_remove] : 
====================================================================================================
[06/03/2023 12:57:56 AM] [INFO] [test_registry] [test_registry] [test_add] : 

Started TestRegistry test_add at 12:57:56 AM on 06/03/2023
[06/03/2023 12:57:56 AM] [INFO] [test_registry] [test_registry] [test_add] : 
====================================================================================================
[06/03/2023 12:57:57 AM] [INFO] [test_registry] [test_registry] [test_get] : 

Started TestRegistry test_get at 12:57:57 AM on 06/03/2023
[06/03/2023 12:57:57 AM] [INFO] [test_registry] [test_registry] [test_get] : 
====================================================================================================
[06/03/2023 12:57:57 AM] [ERROR] [SeriesRegistry] [registry] [get] : The series_uid, 1.3.6.1.4.1.9590.100.1.2.122455910211950267836638642301512986260 does not exist.
[06/03/2023 12:57:57 AM] [INFO] [test_registry] [test_registry] [test_get_uids_count] : 

Started TestRegistry test_get_uids_count at 12:57:57 AM on 06/03/2023
[06/03/2023 12:57:57 AM] [INFO] [test_registry] [test_registry] [test_get_uids_count] : 
====================================================================================================
[06/03/2023 12:57:57 AM] [INFO] [test_registry] [test_registry] [test_update] : 

Started TestRegistry test_update at 12:57:57 AM on 06/03/2023
[06/03/2023 12:57:57 AM] [INFO] [test_registry] [test_registry] [test_update] : 
====================================================================================================
[06/03/2023 12:57:58 AM] [INFO] [test_registry] [test_registry] [test_remove] : 

Started TestRegistry test_remove at 12:57:58 AM on 06/03/2023
[06/03/2023 12:57:58 AM] [INFO] [test_registry] [test_registry] [test_remove] : 
====================================================================================================
[06/03/2023 01:01:29 AM] [INFO] [test_registry] [test_registry] [test_add] : 

Started TestRegistry test_add at 01:01:29 AM on 06/03/2023
[06/03/2023 01:01:29 AM] [INFO] [test_registry] [test_registry] [test_add] : 
====================================================================================================
[06/03/2023 01:01:29 AM] [ERROR] [SeriesRegistry] [registry] [add] : Series uid 1.3.6.1.4.1.9590.100.1.2.411966477213014359701383742861949912247 already exists.
[06/03/2023 01:01:29 AM] [INFO] [test_registry] [test_registry] [test_get] : 

Started TestRegistry test_get at 01:01:29 AM on 06/03/2023
[06/03/2023 01:01:29 AM] [INFO] [test_registry] [test_registry] [test_get] : 
====================================================================================================
[06/03/2023 01:01:29 AM] [INFO] [test_registry] [test_registry] [test_get_uids_count] : 

Started TestRegistry test_get_uids_count at 01:01:29 AM on 06/03/2023
[06/03/2023 01:01:29 AM] [INFO] [test_registry] [test_registry] [test_get_uids_count] : 
====================================================================================================
[06/03/2023 01:01:29 AM] [INFO] [test_registry] [test_registry] [test_update] : 

Started TestRegistry test_update at 01:01:29 AM on 06/03/2023
[06/03/2023 01:01:29 AM] [INFO] [test_registry] [test_registry] [test_update] : 
====================================================================================================
[06/03/2023 01:01:29 AM] [INFO] [test_registry] [test_registry] [test_remove] : 

Started TestRegistry test_remove at 01:01:29 AM on 06/03/2023
[06/03/2023 01:01:29 AM] [INFO] [test_registry] [test_registry] [test_remove] : 
====================================================================================================
[06/03/2023 01:03:02 AM] [INFO] [test_registry] [test_registry] [test_setup] : 

Started TestRegistry test_setup at 01:03:02 AM on 06/03/2023
[06/03/2023 01:03:02 AM] [INFO] [test_registry] [test_registry] [test_setup] : 
====================================================================================================
[06/03/2023 01:03:02 AM] [INFO] [test_registry] [test_registry] [test_setup] : 
	Completed TestRegistry test_setup in 0.1 seconds at 01:03:02 AM on 06/03/2023
[06/03/2023 01:03:02 AM] [INFO] [test_registry] [test_registry] [test_setup] : 
----------------------------------------------------------------------------------------------------
[06/03/2023 01:03:02 AM] [INFO] [test_registry] [test_registry] [test_add] : 

Started TestRegistry test_add at 01:03:02 AM on 06/03/2023
[06/03/2023 01:03:02 AM] [INFO] [test_registry] [test_registry] [test_add] : 
====================================================================================================
[06/03/2023 01:03:02 AM] [ERROR] [SeriesRegistry] [registry] [add] : Series uid 1.3.6.1.4.1.9590.100.1.2.411966477213014359701383742861949912247 already exists.
[06/03/2023 01:03:02 AM] [INFO] [test_registry] [test_registry] [test_get] : 

Started TestRegistry test_get at 01:03:02 AM on 06/03/2023
[06/03/2023 01:03:02 AM] [INFO] [test_registry] [test_registry] [test_get] : 
====================================================================================================
[06/03/2023 01:03:02 AM] [INFO] [test_registry] [test_registry] [test_get_uids_count] : 

Started TestRegistry test_get_uids_count at 01:03:02 AM on 06/03/2023
[06/03/2023 01:03:02 AM] [INFO] [test_registry] [test_registry] [test_get_uids_count] : 
====================================================================================================
[06/03/2023 01:03:02 AM] [INFO] [test_registry] [test_registry] [test_update] : 

Started TestRegistry test_update at 01:03:02 AM on 06/03/2023
[06/03/2023 01:03:02 AM] [INFO] [test_registry] [test_registry] [test_update] : 
====================================================================================================
[06/03/2023 01:03:02 AM] [INFO] [test_registry] [test_registry] [test_remove] : 

Started TestRegistry test_remove at 01:03:02 AM on 06/03/2023
[06/03/2023 01:03:02 AM] [INFO] [test_registry] [test_registry] [test_remove] : 
====================================================================================================
[06/03/2023 01:19:46 AM] [INFO] [test_registry] [test_registry] [test_setup] : 

Started TestRegistry test_setup at 01:19:46 AM on 06/03/2023
[06/03/2023 01:19:46 AM] [INFO] [test_registry] [test_registry] [test_setup] : 
====================================================================================================
[06/03/2023 01:19:46 AM] [INFO] [test_registry] [test_registry] [test_setup] : 
	Completed TestRegistry test_setup in 0.1 seconds at 01:19:46 AM on 06/03/2023
[06/03/2023 01:19:46 AM] [INFO] [test_registry] [test_registry] [test_setup] : 
----------------------------------------------------------------------------------------------------
[06/03/2023 01:19:47 AM] [INFO] [test_registry] [test_registry] [test_get_uids_count] : 

Started TestRegistry test_get_uids_count at 01:19:47 AM on 06/03/2023
[06/03/2023 01:19:47 AM] [INFO] [test_registry] [test_registry] [test_get_uids_count] : 
====================================================================================================
[06/03/2023 01:19:47 AM] [INFO] [test_registry] [test_registry] [test_update] : 

Started TestRegistry test_update at 01:19:47 AM on 06/03/2023
[06/03/2023 01:19:47 AM] [INFO] [test_registry] [test_registry] [test_update] : 
====================================================================================================
[06/03/2023 01:19:48 AM] [INFO] [test_registry] [test_registry] [test_remove] : 

Started TestRegistry test_remove at 01:19:48 AM on 06/03/2023
[06/03/2023 01:19:48 AM] [INFO] [test_registry] [test_registry] [test_remove] : 
====================================================================================================
[06/03/2023 01:20:37 AM] [INFO] [test_registry] [test_registry] [test_setup] : 

Started TestRegistry test_setup at 01:20:37 AM on 06/03/2023
[06/03/2023 01:20:37 AM] [INFO] [test_registry] [test_registry] [test_setup] : 
====================================================================================================
[06/03/2023 01:20:37 AM] [INFO] [test_registry] [test_registry] [test_setup] : 
	Completed TestRegistry test_setup in 0.1 seconds at 01:20:37 AM on 06/03/2023
[06/03/2023 01:20:37 AM] [INFO] [test_registry] [test_registry] [test_setup] : 
----------------------------------------------------------------------------------------------------
[06/03/2023 01:20:37 AM] [INFO] [test_registry] [test_registry] [test_add] : 

Started TestRegistry test_add at 01:20:37 AM on 06/03/2023
[06/03/2023 01:20:37 AM] [INFO] [test_registry] [test_registry] [test_add] : 
====================================================================================================
[06/03/2023 01:20:37 AM] [ERROR] [SeriesRegistry] [registry] [add] : Series uid 1.3.6.1.4.1.9590.100.1.2.274130392610570391808711256560834154926 already exists.
[06/03/2023 01:20:37 AM] [INFO] [test_registry] [test_registry] [test_add] : 
Completed TestRegistry test_add in 0.1 seconds at 01:20:37 AM on 06/03/2023
[06/03/2023 01:20:37 AM] [INFO] [test_registry] [test_registry] [test_add] : 
----------------------------------------------------------------------------------------------------
[06/03/2023 01:20:37 AM] [INFO] [test_registry] [test_registry] [test_get] : 

Started TestRegistry test_get at 01:20:37 AM on 06/03/2023
[06/03/2023 01:20:37 AM] [INFO] [test_registry] [test_registry] [test_get] : 
====================================================================================================
[06/03/2023 01:20:37 AM] [INFO] [test_registry] [test_registry] [test_get_uids_count] : 

Started TestRegistry test_get_uids_count at 01:20:37 AM on 06/03/2023
[06/03/2023 01:20:37 AM] [INFO] [test_registry] [test_registry] [test_get_uids_count] : 
====================================================================================================
[06/03/2023 01:20:37 AM] [INFO] [test_registry] [test_registry] [test_update] : 

Started TestRegistry test_update at 01:20:37 AM on 06/03/2023
[06/03/2023 01:20:37 AM] [INFO] [test_registry] [test_registry] [test_update] : 
====================================================================================================
[06/03/2023 01:20:37 AM] [INFO] [test_registry] [test_registry] [test_remove] : 

Started TestRegistry test_remove at 01:20:37 AM on 06/03/2023
[06/03/2023 01:20:37 AM] [INFO] [test_registry] [test_registry] [test_remove] : 
====================================================================================================
[06/03/2023 01:22:06 AM] [INFO] [test_registry] [test_registry] [test_setup] : 

Started TestRegistry test_setup at 01:22:06 AM on 06/03/2023
[06/03/2023 01:22:06 AM] [INFO] [test_registry] [test_registry] [test_setup] : 
====================================================================================================
[06/03/2023 01:22:06 AM] [INFO] [test_registry] [test_registry] [test_setup] : 
	Completed TestRegistry test_setup in 0.1 seconds at 01:22:06 AM on 06/03/2023
[06/03/2023 01:22:06 AM] [INFO] [test_registry] [test_registry] [test_setup] : 
----------------------------------------------------------------------------------------------------
[06/03/2023 01:22:06 AM] [INFO] [test_registry] [test_registry] [test_add] : 

Started TestRegistry test_add at 01:22:06 AM on 06/03/2023
[06/03/2023 01:22:06 AM] [INFO] [test_registry] [test_registry] [test_add] : 
====================================================================================================
[06/03/2023 01:22:06 AM] [ERROR] [SeriesRegistry] [registry] [add] : Series uid 1.3.6.1.4.1.9590.100.1.2.274130392610570391808711256560834154926 already exists.
[06/03/2023 01:22:06 AM] [INFO] [test_registry] [test_registry] [test_add] : 
Completed TestRegistry test_add in 0.1 seconds at 01:22:06 AM on 06/03/2023
[06/03/2023 01:22:06 AM] [INFO] [test_registry] [test_registry] [test_add] : 
----------------------------------------------------------------------------------------------------
[06/03/2023 01:22:06 AM] [INFO] [test_registry] [test_registry] [test_get] : 

Started TestRegistry test_get at 01:22:06 AM on 06/03/2023
[06/03/2023 01:22:06 AM] [INFO] [test_registry] [test_registry] [test_get] : 
====================================================================================================
[06/03/2023 01:22:06 AM] [INFO] [test_registry] [test_registry] [test_get_uids_count] : 

Started TestRegistry test_get_uids_count at 01:22:06 AM on 06/03/2023
[06/03/2023 01:22:06 AM] [INFO] [test_registry] [test_registry] [test_get_uids_count] : 
====================================================================================================
[06/03/2023 01:22:06 AM] [INFO] [test_registry] [test_registry] [test_update] : 

Started TestRegistry test_update at 01:22:06 AM on 06/03/2023
[06/03/2023 01:22:06 AM] [INFO] [test_registry] [test_registry] [test_update] : 
====================================================================================================
[06/03/2023 01:22:06 AM] [INFO] [test_registry] [test_registry] [test_remove] : 

Started TestRegistry test_remove at 01:22:06 AM on 06/03/2023
[06/03/2023 01:22:06 AM] [INFO] [test_registry] [test_registry] [test_remove] : 
====================================================================================================
[06/03/2023 01:23:08 AM] [INFO] [test_registry] [test_registry] [test_setup] : 

Started TestRegistry test_setup at 01:23:08 AM on 06/03/2023
[06/03/2023 01:23:08 AM] [INFO] [test_registry] [test_registry] [test_setup] : 
====================================================================================================
[06/03/2023 01:23:08 AM] [INFO] [test_registry] [test_registry] [test_setup] : 
	Completed TestRegistry test_setup in 0.1 seconds at 01:23:08 AM on 06/03/2023
[06/03/2023 01:23:08 AM] [INFO] [test_registry] [test_registry] [test_setup] : 
----------------------------------------------------------------------------------------------------
[06/03/2023 01:23:08 AM] [INFO] [test_registry] [test_registry] [test_add] : 

Started TestRegistry test_add at 01:23:08 AM on 06/03/2023
[06/03/2023 01:23:08 AM] [INFO] [test_registry] [test_registry] [test_add] : 
====================================================================================================
[06/03/2023 01:23:08 AM] [ERROR] [SeriesRegistry] [registry] [add] : Series uid 1.3.6.1.4.1.9590.100.1.2.274130392610570391808711256560834154926 already exists.
[06/03/2023 01:23:08 AM] [INFO] [test_registry] [test_registry] [test_add] : 
Completed TestRegistry test_add in 0.1 seconds at 01:23:08 AM on 06/03/2023
[06/03/2023 01:23:08 AM] [INFO] [test_registry] [test_registry] [test_add] : 
----------------------------------------------------------------------------------------------------
[06/03/2023 01:23:08 AM] [INFO] [test_registry] [test_registry] [test_get] : 

Started TestRegistry test_get at 01:23:08 AM on 06/03/2023
[06/03/2023 01:23:08 AM] [INFO] [test_registry] [test_registry] [test_get] : 
====================================================================================================
[06/03/2023 01:23:08 AM] [ERROR] [SeriesRegistry] [registry] [get] : The series_uid, xya does not exist.
[06/03/2023 01:23:08 AM] [INFO] [test_registry] [test_registry] [test_get] : 
	Completed TestRegistry test_get in 0.0 seconds at 01:23:08 AM on 06/03/2023
[06/03/2023 01:23:08 AM] [INFO] [test_registry] [test_registry] [test_get] : 
----------------------------------------------------------------------------------------------------
[06/03/2023 01:23:08 AM] [INFO] [test_registry] [test_registry] [test_get_uids_count] : 

Started TestRegistry test_get_uids_count at 01:23:08 AM on 06/03/2023
[06/03/2023 01:23:08 AM] [INFO] [test_registry] [test_registry] [test_get_uids_count] : 
====================================================================================================
[06/03/2023 01:23:08 AM] [INFO] [test_registry] [test_registry] [test_update] : 

Started TestRegistry test_update at 01:23:08 AM on 06/03/2023
[06/03/2023 01:23:08 AM] [INFO] [test_registry] [test_registry] [test_update] : 
====================================================================================================
[06/03/2023 01:23:08 AM] [INFO] [test_registry] [test_registry] [test_remove] : 

Started TestRegistry test_remove at 01:23:08 AM on 06/03/2023
[06/03/2023 01:23:08 AM] [INFO] [test_registry] [test_registry] [test_remove] : 
====================================================================================================
[06/03/2023 01:24:05 AM] [INFO] [test_registry] [test_registry] [test_setup] : 

Started TestRegistry test_setup at 01:24:04 AM on 06/03/2023
[06/03/2023 01:24:05 AM] [INFO] [test_registry] [test_registry] [test_setup] : 
====================================================================================================
[06/03/2023 01:24:05 AM] [INFO] [test_registry] [test_registry] [test_setup] : 
	Completed TestRegistry test_setup in 0.1 seconds at 01:24:05 AM on 06/03/2023
[06/03/2023 01:24:05 AM] [INFO] [test_registry] [test_registry] [test_setup] : 
----------------------------------------------------------------------------------------------------
[06/03/2023 01:24:05 AM] [INFO] [test_registry] [test_registry] [test_add] : 

Started TestRegistry test_add at 01:24:05 AM on 06/03/2023
[06/03/2023 01:24:05 AM] [INFO] [test_registry] [test_registry] [test_add] : 
====================================================================================================
[06/03/2023 01:24:05 AM] [ERROR] [SeriesRegistry] [registry] [add] : Series uid 1.3.6.1.4.1.9590.100.1.2.274130392610570391808711256560834154926 already exists.
[06/03/2023 01:24:05 AM] [INFO] [test_registry] [test_registry] [test_add] : 
Completed TestRegistry test_add in 0.1 seconds at 01:24:05 AM on 06/03/2023
[06/03/2023 01:24:05 AM] [INFO] [test_registry] [test_registry] [test_add] : 
----------------------------------------------------------------------------------------------------
[06/03/2023 01:24:05 AM] [INFO] [test_registry] [test_registry] [test_get] : 

Started TestRegistry test_get at 01:24:05 AM on 06/03/2023
[06/03/2023 01:24:05 AM] [INFO] [test_registry] [test_registry] [test_get] : 
====================================================================================================
[06/03/2023 01:24:05 AM] [ERROR] [SeriesRegistry] [registry] [get] : The series_uid, xya does not exist.
[06/03/2023 01:24:05 AM] [INFO] [test_registry] [test_registry] [test_get] : 
	Completed TestRegistry test_get in 0.0 seconds at 01:24:05 AM on 06/03/2023
[06/03/2023 01:24:05 AM] [INFO] [test_registry] [test_registry] [test_get] : 
----------------------------------------------------------------------------------------------------
[06/03/2023 01:24:05 AM] [INFO] [test_registry] [test_registry] [test_get_uids_count] : 

Started TestRegistry test_get_uids_count at 01:24:05 AM on 06/03/2023
[06/03/2023 01:24:05 AM] [INFO] [test_registry] [test_registry] [test_get_uids_count] : 
====================================================================================================
[06/03/2023 01:24:05 AM] [INFO] [test_registry] [test_registry] [test_get_uids_count] : 
	Completed TestRegistry test_get_uids_count in 0.0 seconds at 01:24:05 AM on 06/03/2023
[06/03/2023 01:24:05 AM] [INFO] [test_registry] [test_registry] [test_get_uids_count] : 
----------------------------------------------------------------------------------------------------
[06/03/2023 01:24:05 AM] [INFO] [test_registry] [test_registry] [test_update] : 

Started TestRegistry test_update at 01:24:05 AM on 06/03/2023
[06/03/2023 01:24:05 AM] [INFO] [test_registry] [test_registry] [test_update] : 
====================================================================================================
[06/03/2023 01:24:05 AM] [INFO] [test_registry] [test_registry] [test_remove] : 

Started TestRegistry test_remove at 01:24:05 AM on 06/03/2023
[06/03/2023 01:24:05 AM] [INFO] [test_registry] [test_registry] [test_remove] : 
====================================================================================================
[06/03/2023 01:24:05 AM] [INFO] [test_registry] [test_registry] [test_remove] : 
	Completed TestRegistry test_remove in 0.0 seconds at 01:24:05 AM on 06/03/2023
[06/03/2023 01:24:05 AM] [INFO] [test_registry] [test_registry] [test_remove] : 
----------------------------------------------------------------------------------------------------
[06/03/2023 01:25:44 AM] [INFO] [test_registry] [test_registry] [test_setup] : 

Started TestRegistry test_setup at 01:25:44 AM on 06/03/2023
[06/03/2023 01:25:44 AM] [INFO] [test_registry] [test_registry] [test_setup] : 
====================================================================================================
[06/03/2023 01:25:44 AM] [INFO] [test_registry] [test_registry] [test_setup] : 
	Completed TestRegistry test_setup in 0.1 seconds at 01:25:44 AM on 06/03/2023
[06/03/2023 01:25:44 AM] [INFO] [test_registry] [test_registry] [test_setup] : 
----------------------------------------------------------------------------------------------------
[06/03/2023 01:25:44 AM] [INFO] [test_registry] [test_registry] [test_add] : 

Started TestRegistry test_add at 01:25:44 AM on 06/03/2023
[06/03/2023 01:25:44 AM] [INFO] [test_registry] [test_registry] [test_add] : 
====================================================================================================
[06/03/2023 01:25:44 AM] [ERROR] [SeriesRegistry] [registry] [add] : Series uid 1.3.6.1.4.1.9590.100.1.2.274130392610570391808711256560834154926 already exists.
[06/03/2023 01:25:44 AM] [INFO] [test_registry] [test_registry] [test_add] : 
Completed TestRegistry test_add in 0.1 seconds at 01:25:44 AM on 06/03/2023
[06/03/2023 01:25:44 AM] [INFO] [test_registry] [test_registry] [test_add] : 
----------------------------------------------------------------------------------------------------
[06/03/2023 01:25:44 AM] [INFO] [test_registry] [test_registry] [test_get] : 

Started TestRegistry test_get at 01:25:44 AM on 06/03/2023
[06/03/2023 01:25:44 AM] [INFO] [test_registry] [test_registry] [test_get] : 
====================================================================================================
[06/03/2023 01:25:44 AM] [ERROR] [SeriesRegistry] [registry] [get] : The series_uid, xya does not exist.
[06/03/2023 01:25:44 AM] [INFO] [test_registry] [test_registry] [test_get] : 
	Completed TestRegistry test_get in 0.0 seconds at 01:25:44 AM on 06/03/2023
[06/03/2023 01:25:44 AM] [INFO] [test_registry] [test_registry] [test_get] : 
----------------------------------------------------------------------------------------------------
[06/03/2023 01:25:44 AM] [INFO] [test_registry] [test_registry] [test_get_uids_count] : 

Started TestRegistry test_get_uids_count at 01:25:44 AM on 06/03/2023
[06/03/2023 01:25:44 AM] [INFO] [test_registry] [test_registry] [test_get_uids_count] : 
====================================================================================================
[06/03/2023 01:25:44 AM] [INFO] [test_registry] [test_registry] [test_get_uids_count] : 
	Completed TestRegistry test_get_uids_count in 0.0 seconds at 01:25:44 AM on 06/03/2023
[06/03/2023 01:25:44 AM] [INFO] [test_registry] [test_registry] [test_get_uids_count] : 
----------------------------------------------------------------------------------------------------
[06/03/2023 01:25:44 AM] [INFO] [test_registry] [test_registry] [test_update] : 

Started TestRegistry test_update at 01:25:44 AM on 06/03/2023
[06/03/2023 01:25:44 AM] [INFO] [test_registry] [test_registry] [test_update] : 
====================================================================================================
[06/03/2023 01:25:44 AM] [INFO] [test_registry] [test_registry] [test_remove] : 

Started TestRegistry test_remove at 01:25:44 AM on 06/03/2023
[06/03/2023 01:25:44 AM] [INFO] [test_registry] [test_registry] [test_remove] : 
====================================================================================================
[06/03/2023 01:25:44 AM] [INFO] [test_registry] [test_registry] [test_remove] : 
	Completed TestRegistry test_remove in 0.0 seconds at 01:25:44 AM on 06/03/2023
[06/03/2023 01:25:44 AM] [INFO] [test_registry] [test_registry] [test_remove] : 
----------------------------------------------------------------------------------------------------
[06/03/2023 01:27:42 AM] [INFO] [test_registry] [test_registry] [test_setup] : 

Started TestRegistry test_setup at 01:27:42 AM on 06/03/2023
[06/03/2023 01:27:42 AM] [INFO] [test_registry] [test_registry] [test_setup] : 
====================================================================================================
[06/03/2023 01:27:42 AM] [INFO] [test_registry] [test_registry] [test_setup] : 
	Completed TestRegistry test_setup in 0.1 seconds at 01:27:42 AM on 06/03/2023
[06/03/2023 01:27:42 AM] [INFO] [test_registry] [test_registry] [test_setup] : 
----------------------------------------------------------------------------------------------------
[06/03/2023 01:27:42 AM] [INFO] [test_registry] [test_registry] [test_add] : 

Started TestRegistry test_add at 01:27:42 AM on 06/03/2023
[06/03/2023 01:27:42 AM] [INFO] [test_registry] [test_registry] [test_add] : 
====================================================================================================
[06/03/2023 01:27:42 AM] [ERROR] [SeriesRegistry] [registry] [add] : Series uid 1.3.6.1.4.1.9590.100.1.2.274130392610570391808711256560834154926 already exists.
[06/03/2023 01:27:42 AM] [INFO] [test_registry] [test_registry] [test_add] : 
Completed TestRegistry test_add in 0.1 seconds at 01:27:42 AM on 06/03/2023
[06/03/2023 01:27:42 AM] [INFO] [test_registry] [test_registry] [test_add] : 
----------------------------------------------------------------------------------------------------
[06/03/2023 01:27:42 AM] [INFO] [test_registry] [test_registry] [test_get] : 

Started TestRegistry test_get at 01:27:42 AM on 06/03/2023
[06/03/2023 01:27:42 AM] [INFO] [test_registry] [test_registry] [test_get] : 
====================================================================================================
[06/03/2023 01:27:42 AM] [ERROR] [SeriesRegistry] [registry] [get] : The series_uid, xya does not exist.
[06/03/2023 01:27:42 AM] [INFO] [test_registry] [test_registry] [test_get] : 
	Completed TestRegistry test_get in 0.1 seconds at 01:27:42 AM on 06/03/2023
[06/03/2023 01:27:42 AM] [INFO] [test_registry] [test_registry] [test_get] : 
----------------------------------------------------------------------------------------------------
[06/03/2023 01:27:42 AM] [INFO] [test_registry] [test_registry] [test_get_uids_count] : 

Started TestRegistry test_get_uids_count at 01:27:42 AM on 06/03/2023
[06/03/2023 01:27:42 AM] [INFO] [test_registry] [test_registry] [test_get_uids_count] : 
====================================================================================================
[06/03/2023 01:27:42 AM] [INFO] [test_registry] [test_registry] [test_get_uids_count] : 
	Completed TestRegistry test_get_uids_count in 0.0 seconds at 01:27:42 AM on 06/03/2023
[06/03/2023 01:27:42 AM] [INFO] [test_registry] [test_registry] [test_get_uids_count] : 
----------------------------------------------------------------------------------------------------
[06/03/2023 01:27:42 AM] [INFO] [test_registry] [test_registry] [test_update] : 

Started TestRegistry test_update at 01:27:42 AM on 06/03/2023
[06/03/2023 01:27:42 AM] [INFO] [test_registry] [test_registry] [test_update] : 
====================================================================================================
[06/03/2023 01:27:42 AM] [INFO] [test_registry] [test_registry] [test_remove] : 

Started TestRegistry test_remove at 01:27:42 AM on 06/03/2023
[06/03/2023 01:27:42 AM] [INFO] [test_registry] [test_registry] [test_remove] : 
====================================================================================================
[06/03/2023 01:27:42 AM] [INFO] [test_registry] [test_registry] [test_remove] : 
	Completed TestRegistry test_remove in 0.0 seconds at 01:27:42 AM on 06/03/2023
[06/03/2023 01:27:42 AM] [INFO] [test_registry] [test_registry] [test_remove] : 
----------------------------------------------------------------------------------------------------
[06/03/2023 01:28:44 AM] [INFO] [test_registry] [test_registry] [test_setup] : 

Started TestRegistry test_setup at 01:28:44 AM on 06/03/2023
[06/03/2023 01:28:44 AM] [INFO] [test_registry] [test_registry] [test_setup] : 
====================================================================================================
[06/03/2023 01:28:44 AM] [INFO] [test_registry] [test_registry] [test_setup] : 
	Completed TestRegistry test_setup in 0.1 seconds at 01:28:44 AM on 06/03/2023
[06/03/2023 01:28:44 AM] [INFO] [test_registry] [test_registry] [test_setup] : 
----------------------------------------------------------------------------------------------------
[06/03/2023 01:28:44 AM] [INFO] [test_registry] [test_registry] [test_add] : 

Started TestRegistry test_add at 01:28:44 AM on 06/03/2023
[06/03/2023 01:28:44 AM] [INFO] [test_registry] [test_registry] [test_add] : 
====================================================================================================
[06/03/2023 01:28:44 AM] [ERROR] [SeriesRegistry] [registry] [add] : Series uid 1.3.6.1.4.1.9590.100.1.2.274130392610570391808711256560834154926 already exists.
[06/03/2023 01:28:44 AM] [INFO] [test_registry] [test_registry] [test_add] : 
Completed TestRegistry test_add in 0.1 seconds at 01:28:44 AM on 06/03/2023
[06/03/2023 01:28:44 AM] [INFO] [test_registry] [test_registry] [test_add] : 
----------------------------------------------------------------------------------------------------
[06/03/2023 01:28:44 AM] [INFO] [test_registry] [test_registry] [test_get] : 

Started TestRegistry test_get at 01:28:44 AM on 06/03/2023
[06/03/2023 01:28:44 AM] [INFO] [test_registry] [test_registry] [test_get] : 
====================================================================================================
[06/03/2023 01:28:44 AM] [ERROR] [SeriesRegistry] [registry] [get] : The series_uid, xya does not exist.
[06/03/2023 01:28:44 AM] [INFO] [test_registry] [test_registry] [test_get] : 
	Completed TestRegistry test_get in 0.1 seconds at 01:28:44 AM on 06/03/2023
[06/03/2023 01:28:44 AM] [INFO] [test_registry] [test_registry] [test_get] : 
----------------------------------------------------------------------------------------------------
[06/03/2023 01:28:44 AM] [INFO] [test_registry] [test_registry] [test_get_uids_count] : 

Started TestRegistry test_get_uids_count at 01:28:44 AM on 06/03/2023
[06/03/2023 01:28:44 AM] [INFO] [test_registry] [test_registry] [test_get_uids_count] : 
====================================================================================================
[06/03/2023 01:28:44 AM] [INFO] [test_registry] [test_registry] [test_get_uids_count] : 
	Completed TestRegistry test_get_uids_count in 0.0 seconds at 01:28:44 AM on 06/03/2023
[06/03/2023 01:28:44 AM] [INFO] [test_registry] [test_registry] [test_get_uids_count] : 
----------------------------------------------------------------------------------------------------
[06/03/2023 01:28:44 AM] [INFO] [test_registry] [test_registry] [test_update] : 

Started TestRegistry test_update at 01:28:44 AM on 06/03/2023
[06/03/2023 01:28:44 AM] [INFO] [test_registry] [test_registry] [test_update] : 
====================================================================================================
[06/03/2023 01:28:44 AM] [INFO] [test_registry] [test_registry] [test_remove] : 

Started TestRegistry test_remove at 01:28:44 AM on 06/03/2023
[06/03/2023 01:28:44 AM] [INFO] [test_registry] [test_registry] [test_remove] : 
====================================================================================================
[06/03/2023 01:28:44 AM] [INFO] [test_registry] [test_registry] [test_remove] : 
	Completed TestRegistry test_remove in 0.0 seconds at 01:28:44 AM on 06/03/2023
[06/03/2023 01:28:44 AM] [INFO] [test_registry] [test_registry] [test_remove] : 
----------------------------------------------------------------------------------------------------
[06/03/2023 01:30:42 AM] [INFO] [test_registry] [test_registry] [test_setup] : 

Started TestRegistry test_setup at 01:30:42 AM on 06/03/2023
[06/03/2023 01:30:42 AM] [INFO] [test_registry] [test_registry] [test_setup] : 
====================================================================================================
[06/03/2023 01:30:42 AM] [INFO] [test_registry] [test_registry] [test_setup] : 
	Completed TestRegistry test_setup in 0.1 seconds at 01:30:42 AM on 06/03/2023
[06/03/2023 01:30:42 AM] [INFO] [test_registry] [test_registry] [test_setup] : 
----------------------------------------------------------------------------------------------------
[06/03/2023 01:30:42 AM] [INFO] [test_registry] [test_registry] [test_add] : 

Started TestRegistry test_add at 01:30:42 AM on 06/03/2023
[06/03/2023 01:30:42 AM] [INFO] [test_registry] [test_registry] [test_add] : 
====================================================================================================
[06/03/2023 01:30:42 AM] [ERROR] [SeriesRegistry] [registry] [add] : Series uid 1.3.6.1.4.1.9590.100.1.2.274130392610570391808711256560834154926 already exists.
[06/03/2023 01:30:42 AM] [INFO] [test_registry] [test_registry] [test_add] : 
Completed TestRegistry test_add in 0.1 seconds at 01:30:42 AM on 06/03/2023
[06/03/2023 01:30:42 AM] [INFO] [test_registry] [test_registry] [test_add] : 
----------------------------------------------------------------------------------------------------
[06/03/2023 01:30:42 AM] [INFO] [test_registry] [test_registry] [test_get] : 

Started TestRegistry test_get at 01:30:42 AM on 06/03/2023
[06/03/2023 01:30:42 AM] [INFO] [test_registry] [test_registry] [test_get] : 
====================================================================================================
[06/03/2023 01:30:42 AM] [ERROR] [SeriesRegistry] [registry] [get] : The series_uid, xya does not exist.
[06/03/2023 01:30:42 AM] [INFO] [test_registry] [test_registry] [test_get] : 
	Completed TestRegistry test_get in 0.0 seconds at 01:30:42 AM on 06/03/2023
[06/03/2023 01:30:42 AM] [INFO] [test_registry] [test_registry] [test_get] : 
----------------------------------------------------------------------------------------------------
[06/03/2023 01:30:42 AM] [INFO] [test_registry] [test_registry] [test_get_uids_count] : 

Started TestRegistry test_get_uids_count at 01:30:42 AM on 06/03/2023
[06/03/2023 01:30:42 AM] [INFO] [test_registry] [test_registry] [test_get_uids_count] : 
====================================================================================================
[06/03/2023 01:30:42 AM] [INFO] [test_registry] [test_registry] [test_get_uids_count] : 
	Completed TestRegistry test_get_uids_count in 0.0 seconds at 01:30:42 AM on 06/03/2023
[06/03/2023 01:30:42 AM] [INFO] [test_registry] [test_registry] [test_get_uids_count] : 
----------------------------------------------------------------------------------------------------
[06/03/2023 01:30:42 AM] [INFO] [test_registry] [test_registry] [test_update] : 

Started TestRegistry test_update at 01:30:42 AM on 06/03/2023
[06/03/2023 01:30:42 AM] [INFO] [test_registry] [test_registry] [test_update] : 
====================================================================================================
[06/03/2023 01:30:42 AM] [INFO] [test_registry] [test_registry] [test_remove] : 

Started TestRegistry test_remove at 01:30:42 AM on 06/03/2023
[06/03/2023 01:30:42 AM] [INFO] [test_registry] [test_registry] [test_remove] : 
====================================================================================================
[06/03/2023 01:30:42 AM] [INFO] [test_registry] [test_registry] [test_remove] : 
	Completed TestRegistry test_remove in 0.0 seconds at 01:30:42 AM on 06/03/2023
[06/03/2023 01:30:42 AM] [INFO] [test_registry] [test_registry] [test_remove] : 
----------------------------------------------------------------------------------------------------
[06/03/2023 01:31:46 AM] [INFO] [test_registry] [test_registry] [test_setup] : 

Started TestRegistry test_setup at 01:31:46 AM on 06/03/2023
[06/03/2023 01:31:46 AM] [INFO] [test_registry] [test_registry] [test_setup] : 
====================================================================================================
[06/03/2023 01:31:46 AM] [INFO] [test_registry] [test_registry] [test_setup] : 
	Completed TestRegistry test_setup in 0.1 seconds at 01:31:46 AM on 06/03/2023
[06/03/2023 01:31:46 AM] [INFO] [test_registry] [test_registry] [test_setup] : 
----------------------------------------------------------------------------------------------------
[06/03/2023 01:31:46 AM] [INFO] [test_registry] [test_registry] [test_add] : 

Started TestRegistry test_add at 01:31:46 AM on 06/03/2023
[06/03/2023 01:31:46 AM] [INFO] [test_registry] [test_registry] [test_add] : 
====================================================================================================
[06/03/2023 01:31:46 AM] [ERROR] [SeriesRegistry] [registry] [add] : Series uid 1.3.6.1.4.1.9590.100.1.2.274130392610570391808711256560834154926 already exists.
[06/03/2023 01:31:46 AM] [INFO] [test_registry] [test_registry] [test_add] : 
Completed TestRegistry test_add in 0.1 seconds at 01:31:46 AM on 06/03/2023
[06/03/2023 01:31:46 AM] [INFO] [test_registry] [test_registry] [test_add] : 
----------------------------------------------------------------------------------------------------
[06/03/2023 01:31:46 AM] [INFO] [test_registry] [test_registry] [test_get] : 

Started TestRegistry test_get at 01:31:46 AM on 06/03/2023
[06/03/2023 01:31:46 AM] [INFO] [test_registry] [test_registry] [test_get] : 
====================================================================================================
[06/03/2023 01:31:46 AM] [ERROR] [SeriesRegistry] [registry] [get] : The series_uid, xya does not exist.
[06/03/2023 01:31:46 AM] [INFO] [test_registry] [test_registry] [test_get] : 
	Completed TestRegistry test_get in 0.0 seconds at 01:31:46 AM on 06/03/2023
[06/03/2023 01:31:46 AM] [INFO] [test_registry] [test_registry] [test_get] : 
----------------------------------------------------------------------------------------------------
[06/03/2023 01:31:46 AM] [INFO] [test_registry] [test_registry] [test_get_uids_count] : 

Started TestRegistry test_get_uids_count at 01:31:46 AM on 06/03/2023
[06/03/2023 01:31:46 AM] [INFO] [test_registry] [test_registry] [test_get_uids_count] : 
====================================================================================================
[06/03/2023 01:31:46 AM] [INFO] [test_registry] [test_registry] [test_get_uids_count] : 
	Completed TestRegistry test_get_uids_count in 0.0 seconds at 01:31:46 AM on 06/03/2023
[06/03/2023 01:31:46 AM] [INFO] [test_registry] [test_registry] [test_get_uids_count] : 
----------------------------------------------------------------------------------------------------
[06/03/2023 01:31:46 AM] [INFO] [test_registry] [test_registry] [test_update] : 

Started TestRegistry test_update at 01:31:46 AM on 06/03/2023
[06/03/2023 01:31:46 AM] [INFO] [test_registry] [test_registry] [test_update] : 
====================================================================================================
[06/03/2023 01:31:47 AM] [INFO] [test_registry] [test_registry] [test_remove] : 

Started TestRegistry test_remove at 01:31:47 AM on 06/03/2023
[06/03/2023 01:31:47 AM] [INFO] [test_registry] [test_registry] [test_remove] : 
====================================================================================================
[06/03/2023 01:31:47 AM] [INFO] [test_registry] [test_registry] [test_remove] : 
	Completed TestRegistry test_remove in 0.0 seconds at 01:31:47 AM on 06/03/2023
[06/03/2023 01:31:47 AM] [INFO] [test_registry] [test_registry] [test_remove] : 
----------------------------------------------------------------------------------------------------
[06/03/2023 01:32:35 AM] [INFO] [test_registry] [test_registry] [test_setup] : 

Started TestRegistry test_setup at 01:32:35 AM on 06/03/2023
[06/03/2023 01:32:35 AM] [INFO] [test_registry] [test_registry] [test_setup] : 
====================================================================================================
[06/03/2023 01:32:35 AM] [INFO] [test_registry] [test_registry] [test_setup] : 
	Completed TestRegistry test_setup in 0.1 seconds at 01:32:35 AM on 06/03/2023
[06/03/2023 01:32:35 AM] [INFO] [test_registry] [test_registry] [test_setup] : 
----------------------------------------------------------------------------------------------------
[06/03/2023 01:32:35 AM] [INFO] [test_registry] [test_registry] [test_add] : 

Started TestRegistry test_add at 01:32:35 AM on 06/03/2023
[06/03/2023 01:32:35 AM] [INFO] [test_registry] [test_registry] [test_add] : 
====================================================================================================
[06/03/2023 01:32:35 AM] [ERROR] [SeriesRegistry] [registry] [add] : Series uid 1.3.6.1.4.1.9590.100.1.2.274130392610570391808711256560834154926 already exists.
[06/03/2023 01:32:35 AM] [INFO] [test_registry] [test_registry] [test_add] : 
Completed TestRegistry test_add in 0.3 seconds at 01:32:35 AM on 06/03/2023
[06/03/2023 01:32:35 AM] [INFO] [test_registry] [test_registry] [test_add] : 
----------------------------------------------------------------------------------------------------
[06/03/2023 01:32:35 AM] [INFO] [test_registry] [test_registry] [test_get] : 

Started TestRegistry test_get at 01:32:35 AM on 06/03/2023
[06/03/2023 01:32:35 AM] [INFO] [test_registry] [test_registry] [test_get] : 
====================================================================================================
[06/03/2023 01:32:36 AM] [ERROR] [SeriesRegistry] [registry] [get] : The series_uid, xya does not exist.
[06/03/2023 01:32:36 AM] [INFO] [test_registry] [test_registry] [test_get] : 
	Completed TestRegistry test_get in 0.2 seconds at 01:32:36 AM on 06/03/2023
[06/03/2023 01:32:36 AM] [INFO] [test_registry] [test_registry] [test_get] : 
----------------------------------------------------------------------------------------------------
[06/03/2023 01:32:36 AM] [INFO] [test_registry] [test_registry] [test_get_uids_count] : 

Started TestRegistry test_get_uids_count at 01:32:36 AM on 06/03/2023
[06/03/2023 01:32:36 AM] [INFO] [test_registry] [test_registry] [test_get_uids_count] : 
====================================================================================================
[06/03/2023 01:32:36 AM] [INFO] [test_registry] [test_registry] [test_get_uids_count] : 
	Completed TestRegistry test_get_uids_count in 0.0 seconds at 01:32:36 AM on 06/03/2023
[06/03/2023 01:32:36 AM] [INFO] [test_registry] [test_registry] [test_get_uids_count] : 
----------------------------------------------------------------------------------------------------
[06/03/2023 01:32:36 AM] [INFO] [test_registry] [test_registry] [test_update] : 

Started TestRegistry test_update at 01:32:36 AM on 06/03/2023
[06/03/2023 01:32:36 AM] [INFO] [test_registry] [test_registry] [test_update] : 
====================================================================================================
[06/03/2023 01:32:36 AM] [INFO] [test_registry] [test_registry] [test_remove] : 

Started TestRegistry test_remove at 01:32:36 AM on 06/03/2023
[06/03/2023 01:32:36 AM] [INFO] [test_registry] [test_registry] [test_remove] : 
====================================================================================================
[06/03/2023 01:32:36 AM] [INFO] [test_registry] [test_registry] [test_remove] : 
	Completed TestRegistry test_remove in 0.1 seconds at 01:32:36 AM on 06/03/2023
[06/03/2023 01:32:36 AM] [INFO] [test_registry] [test_registry] [test_remove] : 
----------------------------------------------------------------------------------------------------
[06/03/2023 01:42:33 AM] [INFO] [test_registry] [test_registry] [test_setup] : 

Started TestRegistry test_setup at 01:42:33 AM on 06/03/2023
[06/03/2023 01:42:33 AM] [INFO] [test_registry] [test_registry] [test_setup] : 
====================================================================================================
[06/03/2023 01:42:33 AM] [INFO] [test_registry] [test_registry] [test_setup] : 
	Completed TestRegistry test_setup in 0.1 seconds at 01:42:33 AM on 06/03/2023
[06/03/2023 01:42:33 AM] [INFO] [test_registry] [test_registry] [test_setup] : 
----------------------------------------------------------------------------------------------------
[06/03/2023 01:42:33 AM] [INFO] [test_registry] [test_registry] [test_add] : 

Started TestRegistry test_add at 01:42:33 AM on 06/03/2023
[06/03/2023 01:42:33 AM] [INFO] [test_registry] [test_registry] [test_add] : 
====================================================================================================
[06/03/2023 01:42:33 AM] [ERROR] [SeriesRegistry] [registry] [add] : Series uid 1.3.6.1.4.1.9590.100.1.2.274130392610570391808711256560834154926 already exists.
[06/03/2023 01:42:33 AM] [INFO] [test_registry] [test_registry] [test_add] : 
Completed TestRegistry test_add in 0.2 seconds at 01:42:33 AM on 06/03/2023
[06/03/2023 01:42:33 AM] [INFO] [test_registry] [test_registry] [test_add] : 
----------------------------------------------------------------------------------------------------
[06/03/2023 01:42:33 AM] [INFO] [test_registry] [test_registry] [test_get] : 

Started TestRegistry test_get at 01:42:33 AM on 06/03/2023
[06/03/2023 01:42:33 AM] [INFO] [test_registry] [test_registry] [test_get] : 
====================================================================================================
[06/03/2023 01:42:33 AM] [ERROR] [SeriesRegistry] [registry] [get] : The series_uid, xya does not exist.
[06/03/2023 01:42:33 AM] [INFO] [test_registry] [test_registry] [test_get] : 
	Completed TestRegistry test_get in 0.1 seconds at 01:42:33 AM on 06/03/2023
[06/03/2023 01:42:33 AM] [INFO] [test_registry] [test_registry] [test_get] : 
----------------------------------------------------------------------------------------------------
[06/03/2023 01:42:33 AM] [INFO] [test_registry] [test_registry] [test_get_uids_count] : 

Started TestRegistry test_get_uids_count at 01:42:33 AM on 06/03/2023
[06/03/2023 01:42:33 AM] [INFO] [test_registry] [test_registry] [test_get_uids_count] : 
====================================================================================================
[06/03/2023 01:42:33 AM] [INFO] [test_registry] [test_registry] [test_get_uids_count] : 
	Completed TestRegistry test_get_uids_count in 0.0 seconds at 01:42:33 AM on 06/03/2023
[06/03/2023 01:42:33 AM] [INFO] [test_registry] [test_registry] [test_get_uids_count] : 
----------------------------------------------------------------------------------------------------
[06/03/2023 01:42:33 AM] [INFO] [test_registry] [test_registry] [test_update] : 

Started TestRegistry test_update at 01:42:33 AM on 06/03/2023
[06/03/2023 01:42:33 AM] [INFO] [test_registry] [test_registry] [test_update] : 
====================================================================================================
[06/03/2023 01:42:34 AM] [INFO] [test_registry] [test_registry] [test_remove] : 

Started TestRegistry test_remove at 01:42:34 AM on 06/03/2023
[06/03/2023 01:42:34 AM] [INFO] [test_registry] [test_registry] [test_remove] : 
====================================================================================================
[06/03/2023 01:42:34 AM] [INFO] [test_registry] [test_registry] [test_remove] : 
	Completed TestRegistry test_remove in 0.1 seconds at 01:42:34 AM on 06/03/2023
[06/03/2023 01:42:34 AM] [INFO] [test_registry] [test_registry] [test_remove] : 
----------------------------------------------------------------------------------------------------
[06/03/2023 01:44:19 AM] [INFO] [test_registry] [test_registry] [test_setup] : 

Started TestRegistry test_setup at 01:44:19 AM on 06/03/2023
[06/03/2023 01:44:19 AM] [INFO] [test_registry] [test_registry] [test_setup] : 
====================================================================================================
[06/03/2023 01:44:19 AM] [INFO] [test_registry] [test_registry] [test_setup] : 
	Completed TestRegistry test_setup in 0.1 seconds at 01:44:19 AM on 06/03/2023
[06/03/2023 01:44:19 AM] [INFO] [test_registry] [test_registry] [test_setup] : 
----------------------------------------------------------------------------------------------------
[06/03/2023 01:44:20 AM] [INFO] [test_registry] [test_registry] [test_add] : 

Started TestRegistry test_add at 01:44:20 AM on 06/03/2023
[06/03/2023 01:44:20 AM] [INFO] [test_registry] [test_registry] [test_add] : 
====================================================================================================
[06/03/2023 01:44:20 AM] [ERROR] [SeriesRegistry] [registry] [add] : Series uid 1.3.6.1.4.1.9590.100.1.2.274130392610570391808711256560834154926 already exists.
[06/03/2023 01:44:20 AM] [INFO] [test_registry] [test_registry] [test_add] : 
Completed TestRegistry test_add in 0.2 seconds at 01:44:20 AM on 06/03/2023
[06/03/2023 01:44:20 AM] [INFO] [test_registry] [test_registry] [test_add] : 
----------------------------------------------------------------------------------------------------
[06/03/2023 01:44:20 AM] [INFO] [test_registry] [test_registry] [test_get] : 

Started TestRegistry test_get at 01:44:20 AM on 06/03/2023
[06/03/2023 01:44:20 AM] [INFO] [test_registry] [test_registry] [test_get] : 
====================================================================================================
[06/03/2023 01:44:20 AM] [ERROR] [SeriesRegistry] [registry] [get] : The series_uid, xya does not exist.
[06/03/2023 01:44:20 AM] [INFO] [test_registry] [test_registry] [test_get] : 
	Completed TestRegistry test_get in 0.2 seconds at 01:44:20 AM on 06/03/2023
[06/03/2023 01:44:20 AM] [INFO] [test_registry] [test_registry] [test_get] : 
----------------------------------------------------------------------------------------------------
[06/03/2023 01:44:20 AM] [INFO] [test_registry] [test_registry] [test_get_uids_count] : 

Started TestRegistry test_get_uids_count at 01:44:20 AM on 06/03/2023
[06/03/2023 01:44:20 AM] [INFO] [test_registry] [test_registry] [test_get_uids_count] : 
====================================================================================================
[06/03/2023 01:44:20 AM] [INFO] [test_registry] [test_registry] [test_get_uids_count] : 
	Completed TestRegistry test_get_uids_count in 0.0 seconds at 01:44:20 AM on 06/03/2023
[06/03/2023 01:44:20 AM] [INFO] [test_registry] [test_registry] [test_get_uids_count] : 
----------------------------------------------------------------------------------------------------
[06/03/2023 01:44:20 AM] [INFO] [test_registry] [test_registry] [test_update] : 

Started TestRegistry test_update at 01:44:20 AM on 06/03/2023
[06/03/2023 01:44:20 AM] [INFO] [test_registry] [test_registry] [test_update] : 
====================================================================================================
[06/03/2023 01:44:20 AM] [INFO] [test_registry] [test_registry] [test_remove] : 

Started TestRegistry test_remove at 01:44:20 AM on 06/03/2023
[06/03/2023 01:44:20 AM] [INFO] [test_registry] [test_registry] [test_remove] : 
====================================================================================================
[06/03/2023 01:44:20 AM] [INFO] [test_registry] [test_registry] [test_remove] : 
	Completed TestRegistry test_remove in 0.1 seconds at 01:44:20 AM on 06/03/2023
[06/03/2023 01:44:20 AM] [INFO] [test_registry] [test_registry] [test_remove] : 
----------------------------------------------------------------------------------------------------
[06/03/2023 01:44:36 AM] [INFO] [test_registry] [test_registry] [test_setup] : 

Started TestRegistry test_setup at 01:44:36 AM on 06/03/2023
[06/03/2023 01:44:36 AM] [INFO] [test_registry] [test_registry] [test_setup] : 
====================================================================================================
[06/03/2023 01:44:36 AM] [INFO] [test_registry] [test_registry] [test_setup] : 
	Completed TestRegistry test_setup in 0.1 seconds at 01:44:36 AM on 06/03/2023
[06/03/2023 01:44:36 AM] [INFO] [test_registry] [test_registry] [test_setup] : 
----------------------------------------------------------------------------------------------------
[06/03/2023 01:44:36 AM] [INFO] [test_registry] [test_registry] [test_add] : 

Started TestRegistry test_add at 01:44:36 AM on 06/03/2023
[06/03/2023 01:44:36 AM] [INFO] [test_registry] [test_registry] [test_add] : 
====================================================================================================
[06/03/2023 01:44:36 AM] [ERROR] [SeriesRegistry] [registry] [add] : Series uid 1.3.6.1.4.1.9590.100.1.2.274130392610570391808711256560834154926 already exists.
[06/03/2023 01:44:36 AM] [INFO] [test_registry] [test_registry] [test_add] : 
Completed TestRegistry test_add in 0.2 seconds at 01:44:36 AM on 06/03/2023
[06/03/2023 01:44:36 AM] [INFO] [test_registry] [test_registry] [test_add] : 
----------------------------------------------------------------------------------------------------
[06/03/2023 01:44:36 AM] [INFO] [test_registry] [test_registry] [test_get] : 

Started TestRegistry test_get at 01:44:36 AM on 06/03/2023
[06/03/2023 01:44:36 AM] [INFO] [test_registry] [test_registry] [test_get] : 
====================================================================================================
[06/03/2023 01:44:36 AM] [ERROR] [SeriesRegistry] [registry] [get] : The series_uid, xya does not exist.
[06/03/2023 01:44:36 AM] [INFO] [test_registry] [test_registry] [test_get] : 
	Completed TestRegistry test_get in 0.2 seconds at 01:44:36 AM on 06/03/2023
[06/03/2023 01:44:36 AM] [INFO] [test_registry] [test_registry] [test_get] : 
----------------------------------------------------------------------------------------------------
[06/03/2023 01:44:36 AM] [INFO] [test_registry] [test_registry] [test_get_uids_count] : 

Started TestRegistry test_get_uids_count at 01:44:36 AM on 06/03/2023
[06/03/2023 01:44:36 AM] [INFO] [test_registry] [test_registry] [test_get_uids_count] : 
====================================================================================================
[06/03/2023 01:44:36 AM] [INFO] [test_registry] [test_registry] [test_get_uids_count] : 
	Completed TestRegistry test_get_uids_count in 0.0 seconds at 01:44:36 AM on 06/03/2023
[06/03/2023 01:44:36 AM] [INFO] [test_registry] [test_registry] [test_get_uids_count] : 
----------------------------------------------------------------------------------------------------
[06/03/2023 01:44:36 AM] [INFO] [test_registry] [test_registry] [test_update] : 

Started TestRegistry test_update at 01:44:36 AM on 06/03/2023
[06/03/2023 01:44:36 AM] [INFO] [test_registry] [test_registry] [test_update] : 
====================================================================================================
[06/03/2023 01:44:37 AM] [ERROR] [SeriesRegistry] [registry] [remove] : Series registration for das;ja; not found.
[06/03/2023 01:44:37 AM] [INFO] [test_registry] [test_registry] [test_update] : 
	Completed TestRegistry test_update in 0.3 seconds at 01:44:37 AM on 06/03/2023
[06/03/2023 01:44:37 AM] [INFO] [test_registry] [test_registry] [test_update] : 
----------------------------------------------------------------------------------------------------
[06/03/2023 01:44:37 AM] [INFO] [test_registry] [test_registry] [test_remove] : 

Started TestRegistry test_remove at 01:44:37 AM on 06/03/2023
[06/03/2023 01:44:37 AM] [INFO] [test_registry] [test_registry] [test_remove] : 
====================================================================================================
[06/03/2023 01:44:37 AM] [INFO] [test_registry] [test_registry] [test_remove] : 
	Completed TestRegistry test_remove in 0.1 seconds at 01:44:37 AM on 06/03/2023
[06/03/2023 01:44:37 AM] [INFO] [test_registry] [test_registry] [test_remove] : 
----------------------------------------------------------------------------------------------------
[06/03/2023 01:48:14 AM] [INFO] [test_registry] [test_registry] [test_setup] : 

Started TestRegistry test_setup at 01:48:14 AM on 06/03/2023
[06/03/2023 01:48:14 AM] [INFO] [test_registry] [test_registry] [test_setup] : 
====================================================================================================
[06/03/2023 01:48:14 AM] [INFO] [test_registry] [test_registry] [test_setup] : 
	Completed TestRegistry test_setup in 0.1 seconds at 01:48:14 AM on 06/03/2023
[06/03/2023 01:48:14 AM] [INFO] [test_registry] [test_registry] [test_setup] : 
----------------------------------------------------------------------------------------------------
[06/03/2023 01:48:14 AM] [INFO] [test_registry] [test_registry] [test_add] : 

Started TestRegistry test_add at 01:48:14 AM on 06/03/2023
[06/03/2023 01:48:14 AM] [INFO] [test_registry] [test_registry] [test_add] : 
====================================================================================================
[06/03/2023 01:48:15 AM] [ERROR] [SeriesRegistry] [registry] [add] : Series uid 1.3.6.1.4.1.9590.100.1.2.274130392610570391808711256560834154926 already exists.
[06/03/2023 01:48:15 AM] [INFO] [test_registry] [test_registry] [test_add] : 
Completed TestRegistry test_add in 0.2 seconds at 01:48:15 AM on 06/03/2023
[06/03/2023 01:48:15 AM] [INFO] [test_registry] [test_registry] [test_add] : 
----------------------------------------------------------------------------------------------------
[06/03/2023 01:48:15 AM] [INFO] [test_registry] [test_registry] [test_get] : 

Started TestRegistry test_get at 01:48:15 AM on 06/03/2023
[06/03/2023 01:48:15 AM] [INFO] [test_registry] [test_registry] [test_get] : 
====================================================================================================
[06/03/2023 01:48:15 AM] [ERROR] [SeriesRegistry] [registry] [get] : The series_uid, xya does not exist.
[06/03/2023 01:48:15 AM] [INFO] [test_registry] [test_registry] [test_get] : 
	Completed TestRegistry test_get in 0.1 seconds at 01:48:15 AM on 06/03/2023
[06/03/2023 01:48:15 AM] [INFO] [test_registry] [test_registry] [test_get] : 
----------------------------------------------------------------------------------------------------
[06/03/2023 01:48:15 AM] [INFO] [test_registry] [test_registry] [test_get_uids_count] : 

Started TestRegistry test_get_uids_count at 01:48:15 AM on 06/03/2023
[06/03/2023 01:48:15 AM] [INFO] [test_registry] [test_registry] [test_get_uids_count] : 
====================================================================================================
[06/03/2023 01:48:15 AM] [INFO] [test_registry] [test_registry] [test_get_uids_count] : 
	Completed TestRegistry test_get_uids_count in 0.0 seconds at 01:48:15 AM on 06/03/2023
[06/03/2023 01:48:15 AM] [INFO] [test_registry] [test_registry] [test_get_uids_count] : 
----------------------------------------------------------------------------------------------------
[06/03/2023 01:48:15 AM] [INFO] [test_registry] [test_registry] [test_update] : 

Started TestRegistry test_update at 01:48:15 AM on 06/03/2023
[06/03/2023 01:48:15 AM] [INFO] [test_registry] [test_registry] [test_update] : 
====================================================================================================
[06/03/2023 01:48:15 AM] [ERROR] [SeriesRegistry] [registry] [remove] : Series registration for das;ja; not found.
[06/03/2023 01:48:15 AM] [INFO] [test_registry] [test_registry] [test_update] : 
	Completed TestRegistry test_update in 0.3 seconds at 01:48:15 AM on 06/03/2023
[06/03/2023 01:48:15 AM] [INFO] [test_registry] [test_registry] [test_update] : 
----------------------------------------------------------------------------------------------------
[06/03/2023 01:48:15 AM] [INFO] [test_registry] [test_registry] [test_remove] : 

Started TestRegistry test_remove at 01:48:15 AM on 06/03/2023
[06/03/2023 01:48:15 AM] [INFO] [test_registry] [test_registry] [test_remove] : 
====================================================================================================
[06/03/2023 01:48:15 AM] [INFO] [test_registry] [test_registry] [test_remove] : 
	Completed TestRegistry test_remove in 0.1 seconds at 01:48:15 AM on 06/03/2023
[06/03/2023 01:48:15 AM] [INFO] [test_registry] [test_registry] [test_remove] : 
----------------------------------------------------------------------------------------------------
[06/03/2023 01:48:15 AM] [INFO] [test_registry] [test_registry] [test_teardown] : 

Started TestRegistry test_teardown at 01:48:15 AM on 06/03/2023
[06/03/2023 01:48:15 AM] [INFO] [test_registry] [test_registry] [test_teardown] : 
====================================================================================================
[06/03/2023 01:48:15 AM] [INFO] [test_registry] [test_registry] [test_teardown] : 
	Completed TestRegistry test_teardown in 0.0 seconds at 01:48:15 AM on 06/03/2023
[06/03/2023 01:48:15 AM] [INFO] [test_registry] [test_registry] [test_teardown] : 
----------------------------------------------------------------------------------------------------
[06/03/2023 06:35:51 AM] [INFO] [test_image] [test_image] [test_passport_creation] : 

Started TestImage test_passport_creation at 06:35:51 AM on 06/03/2023
[06/03/2023 06:35:51 AM] [INFO] [test_image] [test_image] [test_passport_creation] : 
====================================================================================================
[06/03/2023 06:35:51 AM] [INFO] [test_image] [test_image] [test_passport_asdict] : 

Started TestImage test_passport_asdict at 06:35:51 AM on 06/03/2023
[06/03/2023 06:35:51 AM] [INFO] [test_image] [test_image] [test_passport_asdict] : 
====================================================================================================
[06/03/2023 06:35:51 AM] [INFO] [test_image] [test_image] [test_image_creation] : 

Started TestImage test_image_creation at 06:35:51 AM on 06/03/2023
[06/03/2023 06:35:51 AM] [INFO] [test_image] [test_image] [test_image_creation] : 
====================================================================================================
[06/03/2023 06:36:49 AM] [INFO] [test_image] [test_image] [test_passport_creation] : 

Started TestImage test_passport_creation at 06:36:48 AM on 06/03/2023
[06/03/2023 06:36:49 AM] [INFO] [test_image] [test_image] [test_passport_creation] : 
====================================================================================================
[06/03/2023 06:36:49 AM] [INFO] [test_image] [test_image] [test_passport_asdict] : 

Started TestImage test_passport_asdict at 06:36:49 AM on 06/03/2023
[06/03/2023 06:36:49 AM] [INFO] [test_image] [test_image] [test_passport_asdict] : 
====================================================================================================
[06/03/2023 06:36:49 AM] [INFO] [test_image] [test_image] [test_passport_asdict] : 
	Completed TestImage test_passport_asdict in 0.0 seconds at 06:36:49 AM on 06/03/2023
[06/03/2023 06:36:49 AM] [INFO] [test_image] [test_image] [test_passport_asdict] : 
----------------------------------------------------------------------------------------------------
[06/03/2023 06:36:49 AM] [INFO] [test_image] [test_image] [test_image_creation] : 

Started TestImage test_image_creation at 06:36:49 AM on 06/03/2023
[06/03/2023 06:36:49 AM] [INFO] [test_image] [test_image] [test_image_creation] : 
====================================================================================================
[06/03/2023 06:39:39 AM] [INFO] [test_image] [test_image] [test_passport_creation] : 

Started TestImage test_passport_creation at 06:39:39 AM on 06/03/2023
[06/03/2023 06:39:39 AM] [INFO] [test_image] [test_image] [test_passport_creation] : 
====================================================================================================
[06/03/2023 06:39:39 AM] [INFO] [test_image] [test_image] [test_passport_asdict] : 

Started TestImage test_passport_asdict at 06:39:39 AM on 06/03/2023
[06/03/2023 06:39:39 AM] [INFO] [test_image] [test_image] [test_passport_asdict] : 
====================================================================================================
[06/03/2023 06:39:39 AM] [INFO] [test_image] [test_image] [test_passport_asdict] : 
	Completed TestImage test_passport_asdict in 0.0 seconds at 06:39:39 AM on 06/03/2023
[06/03/2023 06:39:39 AM] [INFO] [test_image] [test_image] [test_passport_asdict] : 
----------------------------------------------------------------------------------------------------
[06/03/2023 06:39:39 AM] [INFO] [test_image] [test_image] [test_image_creation] : 

Started TestImage test_image_creation at 06:39:39 AM on 06/03/2023
[06/03/2023 06:39:39 AM] [INFO] [test_image] [test_image] [test_image_creation] : 
====================================================================================================
[06/03/2023 06:39:39 AM] [INFO] [test_image] [test_image] [test_image_creation] : 
	Completed TestImage test_image_creation in 0.0 seconds at 06:39:39 AM on 06/03/2023
[06/03/2023 06:39:39 AM] [INFO] [test_image] [test_image] [test_image_creation] : 
----------------------------------------------------------------------------------------------------
[06/03/2023 06:41:30 AM] [INFO] [test_image] [test_image] [test_passport_creation] : 

Started TestImage test_passport_creation at 06:41:30 AM on 06/03/2023
[06/03/2023 06:41:30 AM] [INFO] [test_image] [test_image] [test_passport_creation] : 
====================================================================================================
[06/03/2023 06:41:30 AM] [INFO] [test_image] [test_image] [test_passport_creation] : 
Completed TestImage test_passport_creation in 0.1 seconds at 06:41:30 AM on 06/03/2023
[06/03/2023 06:41:30 AM] [INFO] [test_image] [test_image] [test_passport_creation] : 
----------------------------------------------------------------------------------------------------
[06/03/2023 06:41:30 AM] [INFO] [test_image] [test_image] [test_passport_asdict] : 

Started TestImage test_passport_asdict at 06:41:30 AM on 06/03/2023
[06/03/2023 06:41:30 AM] [INFO] [test_image] [test_image] [test_passport_asdict] : 
====================================================================================================
[06/03/2023 06:41:30 AM] [INFO] [test_image] [test_image] [test_passport_asdict] : 
	Completed TestImage test_passport_asdict in 0.0 seconds at 06:41:30 AM on 06/03/2023
[06/03/2023 06:41:30 AM] [INFO] [test_image] [test_image] [test_passport_asdict] : 
----------------------------------------------------------------------------------------------------
[06/03/2023 06:41:30 AM] [INFO] [test_image] [test_image] [test_image_creation] : 

Started TestImage test_image_creation at 06:41:30 AM on 06/03/2023
[06/03/2023 06:41:30 AM] [INFO] [test_image] [test_image] [test_image_creation] : 
====================================================================================================
[06/03/2023 06:41:30 AM] [INFO] [test_image] [test_image] [test_image_creation] : 
	Completed TestImage test_image_creation in 0.0 seconds at 06:41:30 AM on 06/03/2023
[06/03/2023 06:41:30 AM] [INFO] [test_image] [test_image] [test_image_creation] : 
----------------------------------------------------------------------------------------------------
[06/03/2023 06:44:40 AM] [INFO] [test_image] [test_image] [test_passport_creation] : 

Started TestImage test_passport_creation at 06:44:40 AM on 06/03/2023
[06/03/2023 06:44:40 AM] [INFO] [test_image] [test_image] [test_passport_creation] : 
====================================================================================================
[06/03/2023 06:44:40 AM] [INFO] [test_image] [test_image] [test_passport_creation] : 
Completed TestImage test_passport_creation in 0.1 seconds at 06:44:40 AM on 06/03/2023
[06/03/2023 06:44:40 AM] [INFO] [test_image] [test_image] [test_passport_creation] : 
----------------------------------------------------------------------------------------------------
[06/03/2023 06:44:40 AM] [INFO] [test_image] [test_image] [test_passport_asdict] : 

Started TestImage test_passport_asdict at 06:44:40 AM on 06/03/2023
[06/03/2023 06:44:40 AM] [INFO] [test_image] [test_image] [test_passport_asdict] : 
====================================================================================================
[06/03/2023 06:44:40 AM] [INFO] [test_image] [test_image] [test_passport_asdict] : 
	Completed TestImage test_passport_asdict in 0.0 seconds at 06:44:40 AM on 06/03/2023
[06/03/2023 06:44:40 AM] [INFO] [test_image] [test_image] [test_passport_asdict] : 
----------------------------------------------------------------------------------------------------
[06/03/2023 06:44:40 AM] [INFO] [test_image] [test_image] [test_image_creation] : 

Started TestImage test_image_creation at 06:44:40 AM on 06/03/2023
[06/03/2023 06:44:40 AM] [INFO] [test_image] [test_image] [test_image_creation] : 
====================================================================================================
[06/03/2023 06:44:40 AM] [INFO] [test_image] [test_image] [test_image_creation] : 
	Completed TestImage test_image_creation in 0.0 seconds at 06:44:40 AM on 06/03/2023
[06/03/2023 06:44:40 AM] [INFO] [test_image] [test_image] [test_image_creation] : 
----------------------------------------------------------------------------------------------------
[06/03/2023 06:44:40 AM] [INFO] [test_image] [test_image] [test_str] : 

Started TestImage test_str at 06:44:40 AM on 06/03/2023
[06/03/2023 06:44:40 AM] [INFO] [test_image] [test_image] [test_str] : 
====================================================================================================
[06/03/2023 06:45:52 AM] [INFO] [test_image] [test_image] [test_passport_creation] : 

Started TestImage test_passport_creation at 06:45:52 AM on 06/03/2023
[06/03/2023 06:45:52 AM] [INFO] [test_image] [test_image] [test_passport_creation] : 
====================================================================================================
[06/03/2023 06:45:52 AM] [INFO] [test_image] [test_image] [test_passport_creation] : 
Completed TestImage test_passport_creation in 0.2 seconds at 06:45:52 AM on 06/03/2023
[06/03/2023 06:45:52 AM] [INFO] [test_image] [test_image] [test_passport_creation] : 
----------------------------------------------------------------------------------------------------
[06/03/2023 06:45:52 AM] [INFO] [test_image] [test_image] [test_passport_asdict] : 

Started TestImage test_passport_asdict at 06:45:52 AM on 06/03/2023
[06/03/2023 06:45:52 AM] [INFO] [test_image] [test_image] [test_passport_asdict] : 
====================================================================================================
[06/03/2023 06:45:52 AM] [INFO] [test_image] [test_image] [test_passport_asdict] : 
	Completed TestImage test_passport_asdict in 0.0 seconds at 06:45:52 AM on 06/03/2023
[06/03/2023 06:45:52 AM] [INFO] [test_image] [test_image] [test_passport_asdict] : 
----------------------------------------------------------------------------------------------------
[06/03/2023 06:45:52 AM] [INFO] [test_image] [test_image] [test_image_creation] : 

Started TestImage test_image_creation at 06:45:52 AM on 06/03/2023
[06/03/2023 06:45:52 AM] [INFO] [test_image] [test_image] [test_image_creation] : 
====================================================================================================
[06/03/2023 06:45:52 AM] [INFO] [test_image] [test_image] [test_image_creation] : 
	Completed TestImage test_image_creation in 0.0 seconds at 06:45:52 AM on 06/03/2023
[06/03/2023 06:45:52 AM] [INFO] [test_image] [test_image] [test_image_creation] : 
----------------------------------------------------------------------------------------------------
[06/03/2023 06:45:52 AM] [INFO] [test_image] [test_image] [test_str] : 

Started TestImage test_str at 06:45:52 AM on 06/03/2023
[06/03/2023 06:45:52 AM] [INFO] [test_image] [test_image] [test_str] : 
====================================================================================================
[06/03/2023 06:45:52 AM] [DEBUG] [test_image] [test_image] [test_str] : 

DICOMPassport
	                      series_uid | 1.3.6.1.4.1.9590.100.1.2.417157466613270187342040774840270966760
	                      collection | CBIS-DDSM
	            data_description_uri | https://doi.org/10.7937/K9/TCIA.2016.7O02S9CY
	                      subject_id | Mass-Test_P_00145_LEFT_CC
	                       study_uid | 1.3.6.1.4.1.9590.100.1.2.1690300211339647707524717243145291907
	                      study_date | 10-04-2016
	              series_description | full mammogram images
	                        modality | MG
	                  sop_class_name | Secondary Capture Image Storage
	                   sop_class_uid | 1.2.840.10008.5.1.4.1.1.7
	                number_of_images | 1
	                       file_size | 20.73 MB
	                   file_location | ./CBIS-DDSM/Mass-Test_P_00145_LEFT_CC/10-04-2016-DDSM-91907/1.000000-full mammogram images-66760
	                        filename | 1-1.dcm
	              download_timestamp | 2023-05-24T03:39:37.333
	                        casetype | mass
	                         fileset | test
	                             uid | 1.3.6.1.4.1.9590.100.1.2.417157466613270187342040774840270966760_1-1

[06/03/2023 06:45:52 AM] [INFO] [test_image] [test_image] [test_str] : 
	Completed TestImage test_str in 0.0 seconds at 06:45:52 AM on 06/03/2023
[06/03/2023 06:45:52 AM] [INFO] [test_image] [test_image] [test_str] : 
----------------------------------------------------------------------------------------------------
